<?xml version="1.0" encoding="UTF-8"?>
<testng-results skipped="0" failed="0" total="1" passed="1">
  <reporter-output>
  </reporter-output>
  <suite name="Suite" duration-ms="313" started-at="2020-06-01T19:44:57Z" finished-at="2020-06-01T19:44:57Z">
    <groups>
    </groups>
    <test name="Test" duration-ms="313" started-at="2020-06-01T19:44:57Z" finished-at="2020-06-01T19:44:57Z">
      <class name="testNg.SampleTestExample">
        <test-method status="PASS" signature="firstTest()[pri:0, instance:testNg.SampleTestExample@282ba1e]" name="firstTest" duration-ms="63" started-at="2020-06-02T01:14:57Z" finished-at="2020-06-02T01:14:57Z">
          <reporter-output>
          </reporter-output>
        </test-method> <!-- firstTest -->
      </class> <!-- testNg.SampleTestExample -->
    </test> <!-- Test -->
  </suite> <!-- Suite -->
</testng-results>
